Analysis & Synthesis report for LC3
Tue Oct 18 00:01:35 2022
Quartus Prime Version 18.1.0 Build 625 09/12/2018 SJ Lite Edition


---------------------
; Table of Contents ;
---------------------
  1. Legal Notice
  2. Analysis & Synthesis Summary
  3. Analysis & Synthesis Settings
  4. Parallel Compilation
  5. Analysis & Synthesis Messages
  6. Analysis & Synthesis Suppressed Messages



----------------
; Legal Notice ;
----------------
Copyright (C) 2018  Intel Corporation. All rights reserved.
Your use of Intel Corporation's design tools, logic functions 
and other software and tools, and its AMPP partner logic 
functions, and any output files from any of the foregoing 
(including device programming or simulation files), and any 
associated documentation or information are expressly subject 
to the terms and conditions of the Intel Program License 
Subscription Agreement, the Intel Quartus Prime License Agreement,
the Intel FPGA IP License Agreement, or other applicable license
agreement, including, without limitation, that your use is for
the sole purpose of programming logic devices manufactured by
Intel and sold by Intel or its authorized distributors.  Please
refer to the applicable agreement for further details.



+----------------------------------------------------------------------------------+
; Analysis & Synthesis Summary                                                     ;
+------------------------------------+---------------------------------------------+
; Analysis & Synthesis Status        ; Failed - Tue Oct 18 00:01:35 2022           ;
; Quartus Prime Version              ; 18.1.0 Build 625 09/12/2018 SJ Lite Edition ;
; Revision Name                      ; LC3                                         ;
; Top-level Entity Name              ; slc3_sramtop                                ;
; Family                             ; MAX 10                                      ;
; Total logic elements               ; N/A until Partition Merge                   ;
;     Total combinational functions  ; N/A until Partition Merge                   ;
;     Dedicated logic registers      ; N/A until Partition Merge                   ;
; Total registers                    ; N/A until Partition Merge                   ;
; Total pins                         ; N/A until Partition Merge                   ;
; Total virtual pins                 ; N/A until Partition Merge                   ;
; Total memory bits                  ; N/A until Partition Merge                   ;
; Embedded Multiplier 9-bit elements ; N/A until Partition Merge                   ;
; Total PLLs                         ; N/A until Partition Merge                   ;
; UFM blocks                         ; N/A until Partition Merge                   ;
; ADC blocks                         ; N/A until Partition Merge                   ;
+------------------------------------+---------------------------------------------+


+------------------------------------------------------------------------------------------------------------+
; Analysis & Synthesis Settings                                                                              ;
+------------------------------------------------------------------+--------------------+--------------------+
; Option                                                           ; Setting            ; Default Value      ;
+------------------------------------------------------------------+--------------------+--------------------+
; Device                                                           ; 10M50DAF484C7G     ;                    ;
; Top-level entity name                                            ; slc3_sramtop       ; LC3                ;
; Family name                                                      ; MAX 10             ; Cyclone V          ;
; Use smart compilation                                            ; Off                ; Off                ;
; Enable parallel Assembler and Timing Analyzer during compilation ; On                 ; On                 ;
; Enable compact report table                                      ; Off                ; Off                ;
; Restructure Multiplexers                                         ; Auto               ; Auto               ;
; Create Debugging Nodes for IP Cores                              ; Off                ; Off                ;
; Preserve fewer node names                                        ; On                 ; On                 ;
; Intel FPGA IP Evaluation Mode                                    ; Enable             ; Enable             ;
; Verilog Version                                                  ; Verilog_2001       ; Verilog_2001       ;
; VHDL Version                                                     ; VHDL_1993          ; VHDL_1993          ;
; State Machine Processing                                         ; Auto               ; Auto               ;
; Safe State Machine                                               ; Off                ; Off                ;
; Extract Verilog State Machines                                   ; On                 ; On                 ;
; Extract VHDL State Machines                                      ; On                 ; On                 ;
; Ignore Verilog initial constructs                                ; Off                ; Off                ;
; Iteration limit for constant Verilog loops                       ; 5000               ; 5000               ;
; Iteration limit for non-constant Verilog loops                   ; 250                ; 250                ;
; Add Pass-Through Logic to Inferred RAMs                          ; On                 ; On                 ;
; Infer RAMs from Raw Logic                                        ; On                 ; On                 ;
; Parallel Synthesis                                               ; On                 ; On                 ;
; DSP Block Balancing                                              ; Auto               ; Auto               ;
; NOT Gate Push-Back                                               ; On                 ; On                 ;
; Power-Up Don't Care                                              ; On                 ; On                 ;
; Remove Redundant Logic Cells                                     ; Off                ; Off                ;
; Remove Duplicate Registers                                       ; On                 ; On                 ;
; Ignore CARRY Buffers                                             ; Off                ; Off                ;
; Ignore CASCADE Buffers                                           ; Off                ; Off                ;
; Ignore GLOBAL Buffers                                            ; Off                ; Off                ;
; Ignore ROW GLOBAL Buffers                                        ; Off                ; Off                ;
; Ignore LCELL Buffers                                             ; Off                ; Off                ;
; Ignore SOFT Buffers                                              ; On                 ; On                 ;
; Limit AHDL Integers to 32 Bits                                   ; Off                ; Off                ;
; Optimization Technique                                           ; Balanced           ; Balanced           ;
; Carry Chain Length                                               ; 70                 ; 70                 ;
; Auto Carry Chains                                                ; On                 ; On                 ;
; Auto Open-Drain Pins                                             ; On                 ; On                 ;
; Perform WYSIWYG Primitive Resynthesis                            ; Off                ; Off                ;
; Auto ROM Replacement                                             ; On                 ; On                 ;
; Auto RAM Replacement                                             ; On                 ; On                 ;
; Auto DSP Block Replacement                                       ; On                 ; On                 ;
; Auto Shift Register Replacement                                  ; Auto               ; Auto               ;
; Allow Shift Register Merging across Hierarchies                  ; Auto               ; Auto               ;
; Auto Clock Enable Replacement                                    ; On                 ; On                 ;
; Strict RAM Replacement                                           ; Off                ; Off                ;
; Allow Synchronous Control Signals                                ; On                 ; On                 ;
; Force Use of Synchronous Clear Signals                           ; Off                ; Off                ;
; Auto RAM Block Balancing                                         ; On                 ; On                 ;
; Auto RAM to Logic Cell Conversion                                ; Off                ; Off                ;
; Auto Resource Sharing                                            ; Off                ; Off                ;
; Allow Any RAM Size For Recognition                               ; Off                ; Off                ;
; Allow Any ROM Size For Recognition                               ; Off                ; Off                ;
; Allow Any Shift Register Size For Recognition                    ; Off                ; Off                ;
; Use LogicLock Constraints during Resource Balancing              ; On                 ; On                 ;
; Ignore translate_off and synthesis_off directives                ; Off                ; Off                ;
; Timing-Driven Synthesis                                          ; On                 ; On                 ;
; Report Parameter Settings                                        ; On                 ; On                 ;
; Report Source Assignments                                        ; On                 ; On                 ;
; Report Connectivity Checks                                       ; On                 ; On                 ;
; Ignore Maximum Fan-Out Assignments                               ; Off                ; Off                ;
; Synchronization Register Chain Length                            ; 2                  ; 2                  ;
; Power Optimization During Synthesis                              ; Normal compilation ; Normal compilation ;
; HDL message level                                                ; Level2             ; Level2             ;
; Suppress Register Optimization Related Messages                  ; Off                ; Off                ;
; Number of Removed Registers Reported in Synthesis Report         ; 5000               ; 5000               ;
; Number of Swept Nodes Reported in Synthesis Report               ; 5000               ; 5000               ;
; Number of Inverted Registers Reported in Synthesis Report        ; 100                ; 100                ;
; Clock MUX Protection                                             ; On                 ; On                 ;
; Auto Gated Clock Conversion                                      ; Off                ; Off                ;
; Block Design Naming                                              ; Auto               ; Auto               ;
; SDC constraint protection                                        ; Off                ; Off                ;
; Synthesis Effort                                                 ; Auto               ; Auto               ;
; Shift Register Replacement - Allow Asynchronous Clear Signal     ; On                 ; On                 ;
; Pre-Mapping Resynthesis Optimization                             ; Off                ; Off                ;
; Analysis & Synthesis Message Level                               ; Medium             ; Medium             ;
; Disable Register Merging Across Hierarchies                      ; Auto               ; Auto               ;
; Resource Aware Inference For Block RAM                           ; On                 ; On                 ;
+------------------------------------------------------------------+--------------------+--------------------+


+------------------------------------------+
; Parallel Compilation                     ;
+----------------------------+-------------+
; Processors                 ; Number      ;
+----------------------------+-------------+
; Number detected on machine ; 8           ;
; Maximum allowed            ; 4           ;
;                            ;             ;
; Average used               ; 1.00        ;
; Maximum used               ; 1           ;
;                            ;             ;
; Usage by Processor         ; % Time Used ;
;     Processor 1            ; 100.0%      ;
+----------------------------+-------------+


+-------------------------------+
; Analysis & Synthesis Messages ;
+-------------------------------+
Info: *******************************************************************
Info: Running Quartus Prime Analysis & Synthesis
    Info: Version 18.1.0 Build 625 09/12/2018 SJ Lite Edition
    Info: Processing started: Tue Oct 18 00:01:17 2022
Info: Command: quartus_map --read_settings_files=on --write_settings_files=off LC3 -c LC3
Warning (18236): Number of processors has not been specified which may cause overloading on shared machines.  Set the global assignment NUM_PARALLEL_PROCESSORS in your QSF to an appropriate value for best performance.
Info (20030): Parallel compilation is enabled and will use 4 of the 4 processors detected
Info (12021): Found 1 design units, including 1 entities, in source file reg_file.sv
    Info (12023): Found entity 1: Reg_File File: C:/intelFPGA_lite/18.1/Documents/ECE385/lab_5/Reg_File.sv Line: 1
Info (12021): Found 1 design units, including 1 entities, in source file alu.sv
    Info (12023): Found entity 1: ALU File: C:/intelFPGA_lite/18.1/Documents/ECE385/lab_5/ALU.sv Line: 1
Info (12021): Found 1 design units, including 1 entities, in source file reg_8.sv
    Info (12023): Found entity 1: reg_8 File: C:/intelFPGA_lite/18.1/Documents/ECE385/lab_5/Reg_8.sv Line: 1
Info (12021): Found 1 design units, including 1 entities, in source file hexdriver.sv
    Info (12023): Found entity 1: HexDriver File: C:/intelFPGA_lite/18.1/Documents/ECE385/lab_5/HexDriver.sv Line: 1
Info (12021): Found 1 design units, including 1 entities, in source file lab5provided_sp2021/test_memory.sv
    Info (12023): Found entity 1: test_memory File: C:/intelFPGA_lite/18.1/Documents/ECE385/lab_5/Lab5provided_sp2021/test_memory.sv Line: 26
Info (12021): Found 3 design units, including 3 entities, in source file lab5provided_sp2021/synchronizers.sv
    Info (12023): Found entity 1: sync File: C:/intelFPGA_lite/18.1/Documents/ECE385/lab_5/Lab5provided_sp2021/synchronizers.sv Line: 7
    Info (12023): Found entity 2: sync_r0 File: C:/intelFPGA_lite/18.1/Documents/ECE385/lab_5/Lab5provided_sp2021/synchronizers.sv Line: 21
    Info (12023): Found entity 3: sync_r1 File: C:/intelFPGA_lite/18.1/Documents/ECE385/lab_5/Lab5provided_sp2021/synchronizers.sv Line: 42
Info (12021): Found 1 design units, including 1 entities, in source file lab5provided_sp2021/slc3_testtop.sv
    Info (12023): Found entity 1: slc3_testtop File: C:/intelFPGA_lite/18.1/Documents/ECE385/lab_5/Lab5provided_sp2021/slc3_testtop.sv Line: 4
Info (12021): Found 1 design units, including 1 entities, in source file lab5provided_sp2021/slc3_sramtop.sv
    Info (12023): Found entity 1: slc3_sramtop File: C:/intelFPGA_lite/18.1/Documents/ECE385/lab_5/Lab5provided_sp2021/slc3_sramtop.sv Line: 5
Info (12021): Found 1 design units, including 0 entities, in source file lab5provided_sp2021/slc3_2.sv
    Info (12022): Found design unit 1: SLC3_2 (SystemVerilog) File: C:/intelFPGA_lite/18.1/Documents/ECE385/lab_5/Lab5provided_sp2021/SLC3_2.sv Line: 24
Info (12021): Found 1 design units, including 1 entities, in source file lab5provided_sp2021/slc3.sv
    Info (12023): Found entity 1: slc3 File: C:/intelFPGA_lite/18.1/Documents/ECE385/lab_5/Lab5provided_sp2021/slc3.sv Line: 20
Info (12021): Found 1 design units, including 1 entities, in source file lab5provided_sp2021/memory_contents.sv
    Info (12023): Found entity 1: memory_parser File: C:/intelFPGA_lite/18.1/Documents/ECE385/lab_5/Lab5provided_sp2021/memory_contents.sv Line: 18
Info (12021): Found 1 design units, including 1 entities, in source file lab5provided_sp2021/mem2io.sv
    Info (12023): Found entity 1: Mem2IO File: C:/intelFPGA_lite/18.1/Documents/ECE385/lab_5/Lab5provided_sp2021/Mem2IO.sv Line: 16
Error (10170): Verilog HDL syntax error at ISDU.sv(144) near text: "next";  expecting "<=", or "=", or "+=", or "-=", or "*=", or "/=", or "%=", or "&=", or "|=", or "^=", or "<<=", or ">>=", or "<<<=", or ">>>=", or "++", or "--". Check for and fix any syntax errors that appear immediately before or at the specified keyword. The Intel FPGA Knowledge Database contains many articles with specific details on how to resolve this error. Visit the Knowledge Database at https://www.altera.com/support/support-resources/knowledge-base/search.html and search for this specific error message number. File: C:/intelFPGA_lite/18.1/Documents/ECE385/lab_5/Lab5provided_sp2021/ISDU.sv Line: 144
Error (10112): Ignored design unit "ISDU" at ISDU.sv(19) due to previous errors File: C:/intelFPGA_lite/18.1/Documents/ECE385/lab_5/Lab5provided_sp2021/ISDU.sv Line: 19
Info (12021): Found 0 design units, including 0 entities, in source file lab5provided_sp2021/isdu.sv
Info (12021): Found 1 design units, including 1 entities, in source file lab5provided_sp2021/instantiateram.sv
    Info (12023): Found entity 1: Instantiateram File: C:/intelFPGA_lite/18.1/Documents/ECE385/lab_5/Lab5provided_sp2021/Instantiateram.sv Line: 18
Info (12021): Found 1 design units, including 1 entities, in source file ram.v
    Info (12023): Found entity 1: ram File: C:/intelFPGA_lite/18.1/Documents/ECE385/lab_5/ram.v Line: 39
Info (12021): Found 1 design units, including 1 entities, in source file reg_16.sv
    Info (12023): Found entity 1: reg_16 File: C:/intelFPGA_lite/18.1/Documents/ECE385/lab_5/reg_16.sv Line: 1
Info (12021): Found 1 design units, including 1 entities, in source file datapath.sv
    Info (12023): Found entity 1: datapath File: C:/intelFPGA_lite/18.1/Documents/ECE385/lab_5/datapath.sv Line: 1
Info (12021): Found 1 design units, including 1 entities, in source file mux_4.sv
    Info (12023): Found entity 1: MUX_4 File: C:/intelFPGA_lite/18.1/Documents/ECE385/lab_5/MUX_4.sv Line: 1
Info (12021): Found 1 design units, including 1 entities, in source file mux_2.sv
    Info (12023): Found entity 1: MUX_2 File: C:/intelFPGA_lite/18.1/Documents/ECE385/lab_5/MUX_2.sv Line: 1
Warning (12090): Entity "BUSMUX" obtained from "BUSMUX.sv" instead of from Quartus Prime megafunction library File: C:/intelFPGA_lite/18.1/Documents/ECE385/lab_5/BUSMUX.sv Line: 1
Info (12021): Found 1 design units, including 1 entities, in source file busmux.sv
    Info (12023): Found entity 1: BUSMUX File: C:/intelFPGA_lite/18.1/Documents/ECE385/lab_5/BUSMUX.sv Line: 1
Info (12021): Found 1 design units, including 1 entities, in source file testbench_lc3.sv
    Info (12023): Found entity 1: testbench_lc3 File: C:/intelFPGA_lite/18.1/Documents/ECE385/lab_5/testbench_lc3.sv Line: 1
Info (12021): Found 1 design units, including 1 entities, in source file mux_4_3bit.sv
    Info (12023): Found entity 1: MUX_4_3bit File: C:/intelFPGA_lite/18.1/Documents/ECE385/lab_5/MUX_4_3bit.sv Line: 1
Info (12021): Found 1 design units, including 1 entities, in source file reg_3.sv
    Info (12023): Found entity 1: reg_3 File: C:/intelFPGA_lite/18.1/Documents/ECE385/lab_5/reg_3.sv Line: 1
Info (12021): Found 1 design units, including 1 entities, in source file reg_1.sv
    Info (12023): Found entity 1: reg_1 File: C:/intelFPGA_lite/18.1/Documents/ECE385/lab_5/reg_1.sv Line: 1
Info (144001): Generated suppressed messages file C:/intelFPGA_lite/18.1/Documents/ECE385/lab_5/output_files/LC3.map.smsg
Error: Quartus Prime Analysis & Synthesis was unsuccessful. 2 errors, 2 warnings
    Error: Peak virtual memory: 4704 megabytes
    Error: Processing ended: Tue Oct 18 00:01:35 2022
    Error: Elapsed time: 00:00:18
    Error: Total CPU time (on all processors): 00:00:39


+------------------------------------------+
; Analysis & Synthesis Suppressed Messages ;
+------------------------------------------+
The suppressed messages can be found in C:/intelFPGA_lite/18.1/Documents/ECE385/lab_5/output_files/LC3.map.smsg.


